<?xml version="1.0" encoding="UTF-8"?>
<testng-results ignored="0" total="3" passed="3" failed="0" skipped="0">
  <reporter-output>
    <line>
      <![CDATA[Browser opened and URL launched]]>
    </line>
    <line>
      <![CDATA[Confirm Alert text: You've just triggered a confirmation alert!]]>
    </line>
    <line>
      <![CDATA[Prompt Alert text: I'm a Prompt! Type something into me!]]>
    </line>
    <line>
      <![CDATA[Simple Alert text: You've just triggered a simple alert!]]>
    </line>
    <line>
      <![CDATA[Browser closed]]>
    </line>
  </reporter-output>
  <suite started-at="2026-02-04T09:38:32 IST" name="softwaretestingmaterial" finished-at="2026-02-04T09:38:40 IST" duration-ms="7612">
    <groups>
    </groups>
    <test started-at="2026-02-04T09:38:32 IST" name="testngTest" finished-at="2026-02-04T09:38:40 IST" duration-ms="7612">
      <class name="demos.TestActivity9">
        <test-method is-config="true" signature="setUp()[pri:0, instance:demos.TestActivity9@49c386c8]" started-at="2026-02-04T09:38:32 IST" name="setUp" finished-at="2026-02-04T09:38:38 IST" duration-ms="5460" status="PASS">
          <reporter-output>
            <line>
              <![CDATA[Browser opened and URL launched]]>
            </line>
          </reporter-output>
        </test-method> <!-- setUp -->
        <test-method is-config="true" signature="switchToPage()[pri:0, instance:demos.TestActivity9@49c386c8]" started-at="2026-02-04T09:38:38 IST" name="switchToPage" finished-at="2026-02-04T09:38:38 IST" duration-ms="23" status="PASS">
          <reporter-output>
          </reporter-output>
        </test-method> <!-- switchToPage -->
        <test-method signature="confirmAlertTestCase()[pri:0, instance:demos.TestActivity9@49c386c8]" started-at="2026-02-04T09:38:38 IST" name="confirmAlertTestCase" finished-at="2026-02-04T09:38:38 IST" duration-ms="313" status="PASS">
          <reporter-output>
            <line>
              <![CDATA[Confirm Alert text: You've just triggered a confirmation alert!]]>
            </line>
          </reporter-output>
        </test-method> <!-- confirmAlertTestCase -->
        <test-method is-config="true" signature="switchToPage()[pri:0, instance:demos.TestActivity9@49c386c8]" started-at="2026-02-04T09:38:38 IST" name="switchToPage" finished-at="2026-02-04T09:38:38 IST" duration-ms="12" status="PASS">
          <reporter-output>
          </reporter-output>
        </test-method> <!-- switchToPage -->
        <test-method signature="promptAlertTestCase()[pri:0, instance:demos.TestActivity9@49c386c8]" started-at="2026-02-04T09:38:38 IST" name="promptAlertTestCase" finished-at="2026-02-04T09:38:38 IST" duration-ms="155" status="PASS">
          <reporter-output>
            <line>
              <![CDATA[Prompt Alert text: I'm a Prompt! Type something into me!]]>
            </line>
          </reporter-output>
        </test-method> <!-- promptAlertTestCase -->
        <test-method is-config="true" signature="switchToPage()[pri:0, instance:demos.TestActivity9@49c386c8]" started-at="2026-02-04T09:38:38 IST" name="switchToPage" finished-at="2026-02-04T09:38:38 IST" duration-ms="10" status="PASS">
          <reporter-output>
          </reporter-output>
        </test-method> <!-- switchToPage -->
        <test-method signature="simpleAlertTestCase()[pri:0, instance:demos.TestActivity9@49c386c8]" started-at="2026-02-04T09:38:38 IST" name="simpleAlertTestCase" finished-at="2026-02-04T09:38:38 IST" duration-ms="123" status="PASS">
          <reporter-output>
            <line>
              <![CDATA[Simple Alert text: You've just triggered a simple alert!]]>
            </line>
          </reporter-output>
        </test-method> <!-- simpleAlertTestCase -->
        <test-method is-config="true" signature="tearDown()[pri:0, instance:demos.TestActivity9@49c386c8]" started-at="2026-02-04T09:38:38 IST" name="tearDown" finished-at="2026-02-04T09:38:40 IST" duration-ms="1458" status="PASS">
          <reporter-output>
            <line>
              <![CDATA[Browser closed]]>
            </line>
          </reporter-output>
        </test-method> <!-- tearDown -->
      </class> <!-- demos.TestActivity9 -->
    </test> <!-- testngTest -->
  </suite> <!-- softwaretestingmaterial -->
</testng-results>
