<?xml version="1.0" encoding="UTF-8"?>
<!-- Generated by org.testng.reporters.JUnitXMLReporter -->
<testsuite ignored="1" hostname="IBM-J1XD6F4" failures="1" tests="9" name="Surefire test" time="25.307" errors="0" timestamp="2026-02-03T16:20:02 IST">
  <testcase classname="demos.TestActivity1" name="testMethod" time="0.191"/>
  <testcase classname="demos.TestActivity2" name="testCase1" time="0.01"/>
  <testcase classname="demos.TestActivity2" name="testCase2" time="0.046">
    <failure type="java.lang.AssertionError" message="expected [This will cause an error!] but found [Black]">
      <![CDATA[java.lang.AssertionError: expected [This will cause an error!] but found [Black]
at demos.TestActivity2.testCase2(TestActivity2.java:29)
at java.base/java.util.ArrayList.forEach(ArrayList.java:1604)
... Removed 36 stack frames]]>
    </failure>
  </testcase> <!-- testCase2 -->
  <testcase classname="demos.TestActivity2" name="testCase3" time="0.004">
    <skipped/>
  </testcase> <!-- testCase3 -->
  <testcase classname="demos.TestActivity3" name="loginTest" time="0.455"/>
  <testcase classname="demos.TestActivity5" name="but1" time="0.038"/>
  <testcase classname="demos.TestActivity5" name="but2" time="0.048"/>
  <testcase classname="demos.TestActivity5" name="head3" time="0.093"/>
  <testcase classname="demos.TestActivity5" name="head5" time="0.09"/>
  <testcase classname="demos.TestActivity2" name="testCase4" time="0.0">
    <ignored/>
  </testcase> <!-- testCase4 -->
</testsuite> <!-- Surefire test -->
