<?xml version="1.0" encoding="UTF-8"?>
<!-- Generated by org.testng.reporters.JUnitReportReporter -->
<testsuite hostname="IBM-J1XD6F4" failures="0" tests="4" name="demos.TestActivity5" time="0.269" errors="0" timestamp="2026-02-03T16:20:03 IST" skipped="0">
  <testcase classname="demos.TestActivity5" name="head5" time="0.090"/>
  <testcase classname="demos.TestActivity5" name="but2" time="0.048"/>
  <testcase classname="demos.TestActivity5" name="head3" time="0.093"/>
  <testcase classname="demos.TestActivity5" name="but1" time="0.038"/>
</testsuite> <!-- demos.TestActivity5 -->
