<?xml version="1.0" encoding="UTF-8"?>
<testsuite xmlns:xsi="http://www.w3.org/2001/XMLSchema-instance" xsi:noNamespaceSchemaLocation="https://maven.apache.org/surefire/maven-surefire-plugin/xsd/surefire-test-report-3.0.xsd" version="3.0" name="TestSuite" time="8.194" tests="3" errors="0" skipped="0" failures="0">
  <properties>
[...]
</properties>
  <testcase name="confirmAlertTestCase" classname="demos.TestActivity9" time="0.31">
    <system-out><![CDATA[Browser opened and URL launched
You've just triggered a confirmation alert!
Confirm Alert text: You've just triggered a confirmation alert!
]]></system-out>
    <system-err><![CDATA[SLF4J(W): No SLF4J providers were found.
SLF4J(W): Defaulting to no-operation (NOP) logger implementation
SLF4J(W): See https://www.slf4j.org/codes.html#noProviders for further details.
]]></system-err>
  </testcase>
  <testcase name="promptAlertTestCase" classname="demos.TestActivity9" time="0.158">
    <system-out><![CDATA[I'm a Prompt! Type something into me!
Prompt Alert text: I'm a Prompt! Type something into me!
]]></system-out>
  </testcase>
  <testcase name="simpleAlertTestCase" classname="demos.TestActivity9" time="0.125">
    <system-out><![CDATA[You've just triggered a simple alert!
Simple Alert text: You've just triggered a simple alert!
]]></system-out>
  </testcase>
</testsuite>