<?xml version="1.0" encoding="UTF-8"?>
<!-- Generated by org.testng.reporters.JUnitXMLReporter -->
<testsuite ignored="0" hostname="IBM-J1XD6F4" failures="0" tests="3" name="testngTest" time="7.612" errors="0" timestamp="2026-02-04T09:38:40 IST">
  <testcase classname="demos.TestActivity9" name="confirmAlertTestCase" time="0.313"/>
  <testcase classname="demos.TestActivity9" name="promptAlertTestCase" time="0.155"/>
  <testcase classname="demos.TestActivity9" name="simpleAlertTestCase" time="0.123"/>
</testsuite> <!-- testngTest -->
