<?xml version="1.0" encoding="UTF-8"?>
<!-- Generated by org.testng.reporters.JUnitReportReporter -->
<testsuite hostname="IBM-J1XD6F4" failures="0" tests="4" name="demos.Activity5Test" time="0.203" errors="0" timestamp="2026-02-03T19:22:39 IST" skipped="0">
  <testcase classname="demos.Activity5Test" name="head5" time="0.087"/>
  <testcase classname="demos.Activity5Test" name="head3" time="0.029"/>
  <testcase classname="demos.Activity5Test" name="but1" time="0.062"/>
  <testcase classname="demos.Activity5Test" name="but2" time="0.025"/>
</testsuite> <!-- demos.Activity5Test -->
