<?xml version="1.0" encoding="UTF-8"?>
<!-- Generated by org.testng.reporters.JUnitReportReporter -->
<testsuite hostname="IBM-J1XD6F4" failures="0" tests="3" name="demos.TestActivity9" time="0.636" errors="0" timestamp="2026-02-04T09:38:40 IST" skipped="0">
  <testcase classname="demos.TestActivity9" name="simpleAlertTestCase" time="0.133">
    <system-out>
      <![CDATA[Simple Alert text: You've just triggered a simple alert!]]>
    </system-out>
  </testcase> <!-- simpleAlertTestCase -->
  <testcase classname="demos.TestActivity9" name="confirmAlertTestCase" time="0.336">
    <system-out>
      <![CDATA[Confirm Alert text: You've just triggered a confirmation alert!]]>
    </system-out>
  </testcase> <!-- confirmAlertTestCase -->
  <testcase classname="demos.TestActivity9" name="promptAlertTestCase" time="0.167">
    <system-out>
      <![CDATA[Prompt Alert text: I'm a Prompt! Type something into me!]]>
    </system-out>
  </testcase> <!-- promptAlertTestCase -->
  <system-out>
    <![CDATA[Browser opened and URL launched
Confirm Alert text: You've just triggered a confirmation alert!
Prompt Alert text: I'm a Prompt! Type something into me!
Simple Alert text: You've just triggered a simple alert!
Browser closed]]>
  </system-out>
</testsuite> <!-- demos.TestActivity9 -->
